<?xml version="1.0" encoding="UTF-8"?>
<!-- Generated by org.testng.reporters.JUnitXMLReporter -->
<testsuite hostname="DESKTOP-CSTJ70J" ignored="8" name="my test" tests="3" failures="0" timestamp="28 Mar 2017 00:24:14 GMT" time="0.051" errors="0">
  <testcase name="FoolProof1" time="0.02" classname="testNG.AnnotationsTestNG"/>
  <testcase name="sample" time="0.0" classname="testNG.AnnotationsTestNG"/>
  <testcase name="MyBrowser" time="0.016" classname="testNG.PriorityAnnotationsTestNG"/>
  <testcase name="MyBrowser2" time="0.0" classname="testNG.PriorityAnnotationsTestNG">
    <ignored/>
  </testcase> <!-- MyBrowser2 -->
  <testcase name="first" time="0.0" classname="testNG.AnnotationsTestNG">
    <ignored/>
  </testcase> <!-- first -->
  <testcase name="Third" time="0.0" classname="testNG.AnnotationsTestNG">
    <ignored/>
  </testcase> <!-- Third -->
  <testcase name="MyBrowser3" time="0.0" classname="testNG.PriorityAnnotationsTestNG">
    <ignored/>
  </testcase> <!-- MyBrowser3 -->
  <testcase name="Second" time="0.0" classname="testNG.AnnotationsTestNG">
    <ignored/>
  </testcase> <!-- Second -->
  <testcase name="FoolProof3" time="0.0" classname="testNG.AnnotationsTestNG">
    <ignored/>
  </testcase> <!-- FoolProof3 -->
  <testcase name="FoolProof2" time="0.0" classname="testNG.AnnotationsTestNG">
    <ignored/>
  </testcase> <!-- FoolProof2 -->
  <testcase name="MyBrowser23" time="0.0" classname="testNG.PriorityAnnotationsTestNG">
    <ignored/>
  </testcase> <!-- MyBrowser23 -->
</testsuite> <!-- my test -->
