<?xml version="1.0" encoding="UTF-8"?>
<testng-results skipped="0" failed="0" ignored="0" total="1" passed="1">
  <reporter-output>
  </reporter-output>
  <suite name="Default suite" duration-ms="9714" started-at="2017-03-29T20:14:10Z" finished-at="2017-03-29T20:14:20Z">
    <groups>
    </groups>
    <test name="Default test" duration-ms="9714" started-at="2017-03-29T20:14:10Z" finished-at="2017-03-29T20:14:20Z">
      <class name="testNG.Base">
        <test-method status="PASS" signature="Login()[pri:0, instance:testNG.Base@39aeed2f]" name="Login" duration-ms="9691" started-at="2017-03-29T15:14:10Z" finished-at="2017-03-29T15:14:20Z">
          <reporter-output>
          </reporter-output>
        </test-method> <!-- Login -->
      </class> <!-- testNG.Base -->
    </test> <!-- Default test -->
  </suite> <!-- Default suite -->
</testng-results>
